[2025-03-08 19:59:23] Usuario: admin2@example.com - Acción: Inició sesión exitosamente
[2025-03-08 19:59:28] Usuario: admin2@example.com - Acción: Consultó todas las cuotas registradas
[2025-03-08 19:59:28] Usuario: admin2@example.com - Acción: Consultó todas las cuotas registradas
[2025-03-08 19:59:28] Usuario: admin2@example.com - Acción: Consultó todos los préstamos registrados
[2025-03-08 19:59:28] Usuario: admin2@example.com - Acción: Consultó todos los préstamos registrados
[2025-03-08 19:59:46] Usuario: admin2@example.com - Acción: Consultó todos los préstamos registrados
[2025-03-08 19:59:46] Usuario: admin2@example.com - Acción: Consultó todos los préstamos registrados
[2025-03-08 19:59:47] Usuario: admin2@example.com - Acción: Consultó la lista de usuarios con préstamos
[2025-03-08 19:59:48] Usuario: admin2@example.com - Acción: Consultó la lista de usuarios con préstamos
[2025-03-08 19:59:54] Usuario: admin2@example.com - Acción: Consultó datos del usuario con correo: sebastatoo9@gmail.com
[2025-03-08 20:00:00] Usuario: admin2@example.com - Acción: Consultó todos los préstamos registrados
[2025-03-08 20:00:00] Usuario: admin2@example.com - Acción: Consultó todos los préstamos registrados
[2025-03-08 20:00:01] Usuario: admin2@example.com - Acción: Consultó la lista de usuarios con préstamos
[2025-03-08 20:00:01] Usuario: admin2@example.com - Acción: Consultó la lista de usuarios con préstamos
[2025-03-08 20:00:02] Usuario: admin2@example.com - Acción: Consultó todos los préstamos registrados
[2025-03-08 20:00:02] Usuario: admin2@example.com - Acción: Consultó todos los préstamos registrados
[2025-03-08 20:00:03] Usuario: admin2@example.com - Acción: Consultó la lista de usuarios con préstamos
[2025-03-08 20:00:03] Usuario: admin2@example.com - Acción: Consultó la lista de usuarios con préstamos
[2025-03-08 20:00:03] Usuario: admin2@example.com - Acción: Consultó todos los préstamos registrados
[2025-03-08 20:00:03] Usuario: admin2@example.com - Acción: Consultó todos los préstamos registrados
[2025-03-08 20:00:19] Usuario: admin2@example.com - Acción: Consultó todas las cuotas registradas
[2025-03-08 20:00:19] Usuario: admin2@example.com - Acción: Consultó todas las cuotas registradas
[2025-03-08 20:00:19] Usuario: admin2@example.com - Acción: Consultó todos los préstamos registrados
[2025-03-08 20:00:19] Usuario: admin2@example.com - Acción: Consultó todos los préstamos registrados
